2023-09-13 14:49:57.190 [info] Extension host with pid 22298 started
2023-09-13 14:49:58.850 [info] ExtensionService#_doActivateExtension vscode.git-base, startup: true, activationEvent: '*', root cause: vscode.git
2023-09-13 14:49:58.909 [info] ExtensionService#_doActivateExtension vscode.github-authentication, startup: false, activationEvent: 'onAuthenticationRequest:github'
2023-09-13 14:49:59.565 [info] ExtensionService#_doActivateExtension vscode.git, startup: true, activationEvent: '*'
2023-09-13 14:50:00.345 [info] ExtensionService#_doActivateExtension vscode.github, startup: true, activationEvent: '*'
2023-09-13 14:50:01.665 [info] Eager extensions activated
2023-09-13 14:50:02.564 [info] ExtensionService#_doActivateExtension vscode.debug-auto-launch, startup: false, activationEvent: 'onStartupFinished'
2023-09-13 14:50:02.613 [info] ExtensionService#_doActivateExtension vscode.merge-conflict, startup: false, activationEvent: 'onStartupFinished'
2023-09-13 14:50:02.920 [info] ExtensionService#_doActivateExtension ms-edgedevtools.vscode-edge-devtools, startup: false, activationEvent: 'onStartupFinished'
2023-09-13 14:50:04.365 [info] ExtensionService#_doActivateExtension ritwickdey.LiveServer, startup: false, activationEvent: 'onStartupFinished'
2023-09-13 14:50:04.476 [info] ExtensionService#_doActivateExtension vscode.microsoft-authentication, startup: false, activationEvent: 'onAuthenticationRequest:microsoft'
2023-09-13 14:50:19.191 [info] ExtensionService#_doActivateExtension vscode.html-language-features, startup: false, activationEvent: 'onLanguage:html'
2023-09-13 14:50:19.618 [info] ExtensionService#_doActivateExtension vscode.emmet, startup: false, activationEvent: 'onLanguage'
2023-09-13 14:50:33.665 [info] Extension host terminating: renderer closed the MessagePort
2023-09-13 14:50:36.933 [info] Extension host with pid 22416 started
2023-09-13 14:50:36.933 [info] Skipping acquiring lock for /home/user/webpages_tech/Lab-06/~/.vscode-root/User/workspaceStorage/1ed1db7ba27c468228e1e71988b3a3ee.
2023-09-13 14:50:37.144 [info] ExtensionService#_doActivateExtension vscode.git-base, startup: true, activationEvent: '*'
2023-09-13 14:50:37.211 [info] ExtensionService#_doActivateExtension vscode.github, startup: true, activationEvent: '*'
2023-09-13 14:50:37.340 [info] Eager extensions activated
2023-09-13 14:50:37.349 [info] ExtensionService#_doActivateExtension vscode.debug-auto-launch, startup: false, activationEvent: 'onStartupFinished'
2023-09-13 14:50:37.357 [info] ExtensionService#_doActivateExtension vscode.merge-conflict, startup: false, activationEvent: 'onStartupFinished'
2023-09-13 14:50:37.386 [info] ExtensionService#_doActivateExtension ms-edgedevtools.vscode-edge-devtools, startup: false, activationEvent: 'onStartupFinished'
2023-09-13 14:50:38.403 [info] ExtensionService#_doActivateExtension vscode.github-authentication, startup: false, activationEvent: 'onAuthenticationRequest:github'
2023-09-13 14:50:38.706 [info] Extension host with pid 22298 exiting with code 0
2023-09-13 14:50:39.521 [info] ExtensionService#_doActivateExtension vscode.microsoft-authentication, startup: false, activationEvent: 'onAuthenticationRequest:microsoft'
2023-09-13 14:50:45.989 [info] ExtensionService#_doActivateExtension vscode.git, startup: false, activationEvent: 'api', root cause: vscode.github
2023-09-13 14:50:46.052 [info] ExtensionService#_doActivateExtension ritwickdey.LiveServer, startup: false, activationEvent: 'onStartupFinished'
2023-09-13 14:51:06.075 [info] ExtensionService#_doActivateExtension vscode.css-language-features, startup: false, activationEvent: 'onLanguage:css'
2023-09-13 14:51:06.381 [info] ExtensionService#_doActivateExtension vscode.emmet, startup: false, activationEvent: 'onLanguage'
2023-09-13 14:53:13.193 [info] ExtensionService#_doActivateExtension vscode.typescript-language-features, startup: false, activationEvent: 'onLanguage:javascript'
2023-09-13 14:55:51.889 [info] ExtensionService#_doActivateExtension vscode.html-language-features, startup: false, activationEvent: 'onLanguage:html'
2023-09-13 15:03:13.976 [warning] [Decorations] CAPPING events from decorations provider vscode.git 372
2023-09-13 15:03:19.096 [warning] [Decorations] CAPPING events from decorations provider vscode.git 371
2023-09-13 15:03:24.164 [warning] [Decorations] CAPPING events from decorations provider vscode.git 372
2023-09-13 15:03:29.222 [warning] [Decorations] CAPPING events from decorations provider vscode.git 372
2023-09-13 15:03:34.303 [warning] [Decorations] CAPPING events from decorations provider vscode.git 372
2023-09-13 15:03:39.361 [warning] [Decorations] CAPPING events from decorations provider vscode.git 372
2023-09-13 15:03:44.414 [warning] [Decorations] CAPPING events from decorations provider vscode.git 372
2023-09-13 15:03:49.473 [warning] [Decorations] CAPPING events from decorations provider vscode.git 372
2023-09-13 15:03:54.526 [warning] [Decorations] CAPPING events from decorations provider vscode.git 372
2023-09-13 15:03:59.633 [warning] [Decorations] CAPPING events from decorations provider vscode.git 372
2023-09-13 15:04:04.691 [warning] [Decorations] CAPPING events from decorations provider vscode.git 372
2023-09-13 15:04:09.793 [warning] [Decorations] CAPPING events from decorations provider vscode.git 372
2023-09-13 15:04:14.839 [warning] [Decorations] CAPPING events from decorations provider vscode.git 372
2023-09-13 15:04:20.062 [warning] [Decorations] CAPPING events from decorations provider vscode.git 372
2023-09-13 15:04:25.148 [warning] [Decorations] CAPPING events from decorations provider vscode.git 373
2023-09-13 15:04:31.329 [warning] [Decorations] CAPPING events from decorations provider vscode.git 372
2023-09-13 15:04:36.431 [warning] [Decorations] CAPPING events from decorations provider vscode.git 372
2023-09-13 15:04:41.610 [warning] [Decorations] CAPPING events from decorations provider vscode.git 372
2023-09-13 15:04:46.660 [warning] [Decorations] CAPPING events from decorations provider vscode.git 372
2023-09-13 15:04:51.720 [warning] [Decorations] CAPPING events from decorations provider vscode.git 372
2023-09-13 15:04:56.841 [warning] [Decorations] CAPPING events from decorations provider vscode.git 372
2023-09-13 15:05:01.923 [warning] [Decorations] CAPPING events from decorations provider vscode.git 372
2023-09-13 15:05:06.980 [warning] [Decorations] CAPPING events from decorations provider vscode.git 372
2023-09-13 15:05:12.079 [warning] [Decorations] CAPPING events from decorations provider vscode.git 372
2023-09-13 15:05:17.171 [warning] [Decorations] CAPPING events from decorations provider vscode.git 372
2023-09-13 15:05:22.302 [warning] [Decorations] CAPPING events from decorations provider vscode.git 372
2023-09-13 15:05:27.377 [warning] [Decorations] CAPPING events from decorations provider vscode.git 372
2023-09-13 15:05:31.647 [info] ExtensionService#_doActivateExtension vscode.media-preview, startup: false, activationEvent: 'onCustomEditor:imagePreview.previewEditor'
2023-09-13 15:05:33.524 [warning] [Decorations] CAPPING events from decorations provider vscode.git 375
2023-09-13 15:05:51.080 [warning] [Decorations] CAPPING events from decorations provider vscode.git 383
2023-09-13 15:05:56.984 [warning] [Decorations] CAPPING events from decorations provider vscode.git 384
2023-09-13 15:06:03.751 [warning] [Decorations] CAPPING events from decorations provider vscode.git 386
2023-09-13 15:06:09.014 [warning] [Decorations] CAPPING events from decorations provider vscode.git 387
2023-09-13 15:07:08.156 [warning] [Decorations] CAPPING events from decorations provider vscode.git 387
2023-09-13 15:07:13.228 [warning] [Decorations] CAPPING events from decorations provider vscode.git 387
2023-09-13 15:07:18.266 [warning] [Decorations] CAPPING events from decorations provider vscode.git 387
2023-09-13 15:07:23.432 [warning] [Decorations] CAPPING events from decorations provider vscode.git 388
2023-09-13 15:07:28.546 [warning] [Decorations] CAPPING events from decorations provider vscode.git 388
2023-09-13 15:07:33.590 [warning] [Decorations] CAPPING events from decorations provider vscode.git 390
2023-09-13 15:07:38.670 [warning] [Decorations] CAPPING events from decorations provider vscode.git 390
2023-09-13 15:07:43.741 [warning] [Decorations] CAPPING events from decorations provider vscode.git 390
2023-09-13 15:07:48.784 [warning] [Decorations] CAPPING events from decorations provider vscode.git 390
2023-09-13 15:07:53.840 [warning] [Decorations] CAPPING events from decorations provider vscode.git 390
2023-09-13 15:07:58.892 [warning] [Decorations] CAPPING events from decorations provider vscode.git 390
2023-09-13 15:08:03.930 [warning] [Decorations] CAPPING events from decorations provider vscode.git 390
2023-09-13 15:08:16.498 [warning] [Decorations] CAPPING events from decorations provider vscode.git 391
2023-09-13 15:08:21.539 [warning] [Decorations] CAPPING events from decorations provider vscode.git 390
2023-09-13 15:08:26.602 [warning] [Decorations] CAPPING events from decorations provider vscode.git 391
2023-09-13 15:08:31.640 [warning] [Decorations] CAPPING events from decorations provider vscode.git 391
2023-09-13 15:08:36.678 [warning] [Decorations] CAPPING events from decorations provider vscode.git 391
2023-09-13 15:08:41.715 [warning] [Decorations] CAPPING events from decorations provider vscode.git 392
2023-09-13 15:08:46.782 [warning] [Decorations] CAPPING events from decorations provider vscode.git 391
2023-09-13 15:08:51.888 [warning] [Decorations] CAPPING events from decorations provider vscode.git 392
2023-09-13 15:08:56.933 [warning] [Decorations] CAPPING events from decorations provider vscode.git 392
2023-09-13 15:09:01.983 [warning] [Decorations] CAPPING events from decorations provider vscode.git 392
2023-09-13 15:09:07.038 [warning] [Decorations] CAPPING events from decorations provider vscode.git 392
2023-09-13 15:09:12.181 [warning] [Decorations] CAPPING events from decorations provider vscode.git 392
2023-09-13 15:09:17.269 [warning] [Decorations] CAPPING events from decorations provider vscode.git 392
2023-09-13 15:09:22.320 [warning] [Decorations] CAPPING events from decorations provider vscode.git 392
2023-09-13 15:09:27.415 [warning] [Decorations] CAPPING events from decorations provider vscode.git 393
2023-09-13 15:10:13.214 [warning] [Decorations] CAPPING events from decorations provider vscode.git 393
2023-09-13 15:10:18.280 [warning] [Decorations] CAPPING events from decorations provider vscode.git 393
2023-09-13 15:10:23.396 [warning] [Decorations] CAPPING events from decorations provider vscode.git 394
2023-09-13 15:10:39.134 [warning] [Decorations] CAPPING events from decorations provider vscode.git 395
2023-09-13 15:10:44.298 [warning] [Decorations] CAPPING events from decorations provider vscode.git 394
2023-09-13 15:10:52.687 [warning] [Decorations] CAPPING events from decorations provider vscode.git 395
2023-09-13 15:10:57.741 [warning] [Decorations] CAPPING events from decorations provider vscode.git 396
2023-09-13 15:11:02.791 [warning] [Decorations] CAPPING events from decorations provider vscode.git 396
2023-09-13 15:11:07.842 [warning] [Decorations] CAPPING events from decorations provider vscode.git 396
2023-09-13 15:11:12.927 [warning] [Decorations] CAPPING events from decorations provider vscode.git 397
2023-09-13 15:11:18.387 [warning] [Decorations] CAPPING events from decorations provider vscode.git 396
2023-09-13 15:11:23.475 [warning] [Decorations] CAPPING events from decorations provider vscode.git 396
2023-09-13 15:11:29.836 [warning] [Decorations] CAPPING events from decorations provider vscode.git 397
2023-09-13 15:11:35.115 [warning] [Decorations] CAPPING events from decorations provider vscode.git 397
2023-09-13 15:11:40.227 [warning] [Decorations] CAPPING events from decorations provider vscode.git 397
2023-09-13 15:11:45.281 [warning] [Decorations] CAPPING events from decorations provider vscode.git 398
2023-09-13 15:11:50.339 [warning] [Decorations] CAPPING events from decorations provider vscode.git 398
2023-09-13 15:11:55.405 [warning] [Decorations] CAPPING events from decorations provider vscode.git 398
2023-09-13 15:12:00.472 [warning] [Decorations] CAPPING events from decorations provider vscode.git 398
2023-09-13 15:12:05.612 [warning] [Decorations] CAPPING events from decorations provider vscode.git 398
2023-09-13 15:12:10.684 [warning] [Decorations] CAPPING events from decorations provider vscode.git 399
2023-09-13 15:12:17.000 [warning] [Decorations] CAPPING events from decorations provider vscode.git 398
2023-09-13 15:12:22.080 [warning] [Decorations] CAPPING events from decorations provider vscode.git 398
2023-09-13 15:12:27.138 [warning] [Decorations] CAPPING events from decorations provider vscode.git 398
2023-09-13 15:12:32.198 [warning] [Decorations] CAPPING events from decorations provider vscode.git 398
2023-09-13 15:12:37.280 [warning] [Decorations] CAPPING events from decorations provider vscode.git 399
2023-09-13 15:12:42.322 [warning] [Decorations] CAPPING events from decorations provider vscode.git 399
2023-09-13 15:12:47.453 [warning] [Decorations] CAPPING events from decorations provider vscode.git 400
2023-09-13 15:12:54.343 [warning] [Decorations] CAPPING events from decorations provider vscode.git 399
2023-09-13 15:12:59.449 [warning] [Decorations] CAPPING events from decorations provider vscode.git 399
2023-09-13 15:13:04.545 [warning] [Decorations] CAPPING events from decorations provider vscode.git 400
2023-09-13 15:13:09.597 [warning] [Decorations] CAPPING events from decorations provider vscode.git 401
2023-09-13 15:13:14.646 [warning] [Decorations] CAPPING events from decorations provider vscode.git 400
2023-09-13 15:13:19.691 [warning] [Decorations] CAPPING events from decorations provider vscode.git 400
2023-09-13 15:13:24.739 [warning] [Decorations] CAPPING events from decorations provider vscode.git 400
2023-09-13 15:13:29.795 [warning] [Decorations] CAPPING events from decorations provider vscode.git 400
2023-09-13 15:13:34.842 [warning] [Decorations] CAPPING events from decorations provider vscode.git 400
2023-09-13 15:13:39.898 [warning] [Decorations] CAPPING events from decorations provider vscode.git 400
2023-09-13 15:13:44.945 [warning] [Decorations] CAPPING events from decorations provider vscode.git 400
2023-09-13 15:13:50.000 [warning] [Decorations] CAPPING events from decorations provider vscode.git 400
2023-09-13 15:13:55.062 [warning] [Decorations] CAPPING events from decorations provider vscode.git 401
2023-09-13 15:14:00.120 [warning] [Decorations] CAPPING events from decorations provider vscode.git 401
2023-09-13 15:14:05.178 [warning] [Decorations] CAPPING events from decorations provider vscode.git 401
2023-09-13 15:14:10.240 [warning] [Decorations] CAPPING events from decorations provider vscode.git 401
2023-09-13 15:14:33.177 [warning] [Decorations] CAPPING events from decorations provider vscode.git 402
2023-09-13 15:14:38.320 [warning] [Decorations] CAPPING events from decorations provider vscode.git 402
2023-09-13 15:15:49.389 [warning] [Decorations] CAPPING events from decorations provider vscode.git 403
2023-09-13 15:15:54.485 [warning] [Decorations] CAPPING events from decorations provider vscode.git 403
2023-09-13 15:15:59.586 [warning] [Decorations] CAPPING events from decorations provider vscode.git 403
2023-09-13 15:19:33.562 [warning] [Decorations] CAPPING events from decorations provider vscode.git 405
2023-09-13 15:19:38.656 [warning] [Decorations] CAPPING events from decorations provider vscode.git 404
2023-09-13 15:19:43.700 [warning] [Decorations] CAPPING events from decorations provider vscode.git 404
2023-09-13 15:19:48.740 [warning] [Decorations] CAPPING events from decorations provider vscode.git 404
2023-09-13 15:19:53.788 [warning] [Decorations] CAPPING events from decorations provider vscode.git 404
2023-09-13 15:19:58.830 [warning] [Decorations] CAPPING events from decorations provider vscode.git 404
2023-09-13 15:20:03.870 [warning] [Decorations] CAPPING events from decorations provider vscode.git 404
2023-09-13 15:20:08.918 [warning] [Decorations] CAPPING events from decorations provider vscode.git 404
2023-09-13 15:20:13.963 [warning] [Decorations] CAPPING events from decorations provider vscode.git 404
2023-09-13 15:20:19.002 [warning] [Decorations] CAPPING events from decorations provider vscode.git 404
2023-09-13 15:20:24.052 [warning] [Decorations] CAPPING events from decorations provider vscode.git 404
2023-09-13 15:20:29.096 [warning] [Decorations] CAPPING events from decorations provider vscode.git 404
2023-09-13 15:20:34.153 [warning] [Decorations] CAPPING events from decorations provider vscode.git 404
2023-09-13 15:20:39.194 [warning] [Decorations] CAPPING events from decorations provider vscode.git 404
2023-09-13 15:20:44.236 [warning] [Decorations] CAPPING events from decorations provider vscode.git 404
2023-09-13 15:20:49.277 [warning] [Decorations] CAPPING events from decorations provider vscode.git 404
2023-09-13 15:20:54.323 [warning] [Decorations] CAPPING events from decorations provider vscode.git 404
2023-09-13 15:20:59.363 [warning] [Decorations] CAPPING events from decorations provider vscode.git 404
2023-09-13 15:21:04.406 [warning] [Decorations] CAPPING events from decorations provider vscode.git 404
2023-09-13 15:21:09.448 [warning] [Decorations] CAPPING events from decorations provider vscode.git 404
2023-09-13 15:21:14.497 [warning] [Decorations] CAPPING events from decorations provider vscode.git 404
2023-09-13 15:21:19.545 [warning] [Decorations] CAPPING events from decorations provider vscode.git 404
2023-09-13 15:21:24.589 [warning] [Decorations] CAPPING events from decorations provider vscode.git 404
2023-09-13 15:21:29.642 [warning] [Decorations] CAPPING events from decorations provider vscode.git 404
2023-09-13 15:21:34.684 [warning] [Decorations] CAPPING events from decorations provider vscode.git 404
2023-09-13 15:21:39.735 [warning] [Decorations] CAPPING events from decorations provider vscode.git 404
2023-09-13 15:21:44.802 [warning] [Decorations] CAPPING events from decorations provider vscode.git 404
2023-09-13 15:21:49.842 [warning] [Decorations] CAPPING events from decorations provider vscode.git 404
2023-09-13 15:21:54.901 [warning] [Decorations] CAPPING events from decorations provider vscode.git 405
2023-09-13 15:21:59.967 [warning] [Decorations] CAPPING events from decorations provider vscode.git 405
2023-09-13 15:22:05.007 [warning] [Decorations] CAPPING events from decorations provider vscode.git 405
2023-09-13 15:22:10.113 [warning] [Decorations] CAPPING events from decorations provider vscode.git 405
2023-09-13 15:22:15.153 [warning] [Decorations] CAPPING events from decorations provider vscode.git 405
2023-09-13 15:22:20.210 [warning] [Decorations] CAPPING events from decorations provider vscode.git 405
2023-09-13 15:22:25.266 [warning] [Decorations] CAPPING events from decorations provider vscode.git 405
2023-09-13 15:22:30.334 [warning] [Decorations] CAPPING events from decorations provider vscode.git 405
2023-09-13 15:22:35.369 [warning] [Decorations] CAPPING events from decorations provider vscode.git 405
2023-09-13 15:22:40.438 [warning] [Decorations] CAPPING events from decorations provider vscode.git 405
2023-09-13 15:22:45.506 [warning] [Decorations] CAPPING events from decorations provider vscode.git 405
2023-09-13 15:22:50.590 [warning] [Decorations] CAPPING events from decorations provider vscode.git 405
2023-09-13 15:22:55.636 [warning] [Decorations] CAPPING events from decorations provider vscode.git 405
2023-09-13 15:23:00.741 [warning] [Decorations] CAPPING events from decorations provider vscode.git 405
2023-09-13 15:23:05.788 [warning] [Decorations] CAPPING events from decorations provider vscode.git 405
2023-09-13 15:23:10.829 [warning] [Decorations] CAPPING events from decorations provider vscode.git 405
2023-09-13 15:23:15.899 [warning] [Decorations] CAPPING events from decorations provider vscode.git 405
2023-09-13 15:23:20.944 [warning] [Decorations] CAPPING events from decorations provider vscode.git 405
2023-09-13 15:23:25.983 [warning] [Decorations] CAPPING events from decorations provider vscode.git 405
2023-09-13 15:23:31.042 [warning] [Decorations] CAPPING events from decorations provider vscode.git 405
2023-09-13 15:23:36.127 [warning] [Decorations] CAPPING events from decorations provider vscode.git 405
2023-09-13 15:23:41.175 [warning] [Decorations] CAPPING events from decorations provider vscode.git 405
2023-09-13 15:23:46.217 [warning] [Decorations] CAPPING events from decorations provider vscode.git 405
2023-09-13 15:23:51.254 [warning] [Decorations] CAPPING events from decorations provider vscode.git 405
2023-09-13 15:23:56.316 [warning] [Decorations] CAPPING events from decorations provider vscode.git 405
2023-09-13 15:24:01.388 [warning] [Decorations] CAPPING events from decorations provider vscode.git 405
2023-09-13 15:24:06.460 [warning] [Decorations] CAPPING events from decorations provider vscode.git 405
2023-09-13 15:24:11.503 [warning] [Decorations] CAPPING events from decorations provider vscode.git 405
2023-09-13 15:24:16.547 [warning] [Decorations] CAPPING events from decorations provider vscode.git 405
2023-09-13 15:24:21.586 [warning] [Decorations] CAPPING events from decorations provider vscode.git 405
2023-09-13 15:24:26.678 [warning] [Decorations] CAPPING events from decorations provider vscode.git 405
2023-09-13 15:24:31.736 [warning] [Decorations] CAPPING events from decorations provider vscode.git 405
2023-09-13 15:24:36.825 [warning] [Decorations] CAPPING events from decorations provider vscode.git 405
2023-09-13 15:24:41.861 [warning] [Decorations] CAPPING events from decorations provider vscode.git 405
2023-09-13 15:24:46.903 [warning] [Decorations] CAPPING events from decorations provider vscode.git 405
2023-09-13 15:24:51.942 [warning] [Decorations] CAPPING events from decorations provider vscode.git 405
2023-09-13 15:24:57.042 [warning] [Decorations] CAPPING events from decorations provider vscode.git 406
2023-09-13 15:25:02.087 [warning] [Decorations] CAPPING events from decorations provider vscode.git 405
2023-09-13 15:25:07.143 [warning] [Decorations] CAPPING events from decorations provider vscode.git 405
2023-09-13 15:25:12.188 [warning] [Decorations] CAPPING events from decorations provider vscode.git 405
2023-09-13 15:25:17.257 [warning] [Decorations] CAPPING events from decorations provider vscode.git 405
2023-09-13 15:25:22.301 [warning] [Decorations] CAPPING events from decorations provider vscode.git 405
2023-09-13 15:25:27.380 [warning] [Decorations] CAPPING events from decorations provider vscode.git 405
2023-09-13 15:25:32.441 [warning] [Decorations] CAPPING events from decorations provider vscode.git 405
2023-09-13 15:25:37.483 [warning] [Decorations] CAPPING events from decorations provider vscode.git 405
2023-09-13 15:25:42.571 [warning] [Decorations] CAPPING events from decorations provider vscode.git 405
2023-09-13 15:25:47.639 [warning] [Decorations] CAPPING events from decorations provider vscode.git 405
2023-09-13 15:25:52.684 [warning] [Decorations] CAPPING events from decorations provider vscode.git 406
2023-09-13 15:25:57.786 [warning] [Decorations] CAPPING events from decorations provider vscode.git 406
2023-09-13 15:26:02.869 [warning] [Decorations] CAPPING events from decorations provider vscode.git 406
2023-09-13 15:26:07.933 [warning] [Decorations] CAPPING events from decorations provider vscode.git 406
2023-09-13 15:26:12.982 [warning] [Decorations] CAPPING events from decorations provider vscode.git 406
2023-09-13 15:26:18.038 [warning] [Decorations] CAPPING events from decorations provider vscode.git 406
2023-09-13 15:26:23.084 [warning] [Decorations] CAPPING events from decorations provider vscode.git 406
2023-09-13 15:26:28.156 [warning] [Decorations] CAPPING events from decorations provider vscode.git 406
2023-09-13 15:26:33.228 [warning] [Decorations] CAPPING events from decorations provider vscode.git 406
2023-09-13 15:26:38.345 [warning] [Decorations] CAPPING events from decorations provider vscode.git 406
2023-09-13 15:28:40.293 [warning] [Decorations] CAPPING events from decorations provider vscode.git 407
2023-09-13 15:28:45.362 [warning] [Decorations] CAPPING events from decorations provider vscode.git 406
2023-09-13 15:28:50.426 [warning] [Decorations] CAPPING events from decorations provider vscode.git 406
2023-09-13 15:28:55.481 [warning] [Decorations] CAPPING events from decorations provider vscode.git 406
2023-09-13 15:29:00.534 [warning] [Decorations] CAPPING events from decorations provider vscode.git 406
2023-09-13 15:29:05.576 [warning] [Decorations] CAPPING events from decorations provider vscode.git 407
2023-09-13 15:29:10.630 [warning] [Decorations] CAPPING events from decorations provider vscode.git 407
2023-09-13 15:29:15.695 [warning] [Decorations] CAPPING events from decorations provider vscode.git 407
2023-09-13 15:29:20.803 [warning] [Decorations] CAPPING events from decorations provider vscode.git 407
2023-09-13 15:29:25.849 [warning] [Decorations] CAPPING events from decorations provider vscode.git 408
2023-09-13 15:29:30.888 [warning] [Decorations] CAPPING events from decorations provider vscode.git 408
2023-09-13 15:29:38.314 [warning] [Decorations] CAPPING events from decorations provider vscode.git 409
2023-09-13 15:29:43.376 [warning] [Decorations] CAPPING events from decorations provider vscode.git 408
2023-09-13 15:29:48.428 [warning] [Decorations] CAPPING events from decorations provider vscode.git 408
2023-09-13 15:29:53.480 [warning] [Decorations] CAPPING events from decorations provider vscode.git 408
2023-09-13 15:29:58.549 [warning] [Decorations] CAPPING events from decorations provider vscode.git 409
2023-09-13 15:30:03.608 [warning] [Decorations] CAPPING events from decorations provider vscode.git 409
2023-09-13 15:30:08.647 [warning] [Decorations] CAPPING events from decorations provider vscode.git 409
2023-09-13 15:30:13.722 [warning] [Decorations] CAPPING events from decorations provider vscode.git 409
2023-09-13 15:30:18.776 [warning] [Decorations] CAPPING events from decorations provider vscode.git 409
2023-09-13 15:30:23.828 [warning] [Decorations] CAPPING events from decorations provider vscode.git 409
2023-09-13 15:30:28.908 [warning] [Decorations] CAPPING events from decorations provider vscode.git 409
2023-09-13 15:30:33.977 [warning] [Decorations] CAPPING events from decorations provider vscode.git 409
2023-09-13 15:30:39.036 [warning] [Decorations] CAPPING events from decorations provider vscode.git 409
2023-09-13 15:30:44.113 [warning] [Decorations] CAPPING events from decorations provider vscode.git 409
2023-09-13 15:30:49.160 [warning] [Decorations] CAPPING events from decorations provider vscode.git 409
2023-09-13 15:30:54.203 [warning] [Decorations] CAPPING events from decorations provider vscode.git 409
2023-09-13 15:30:59.304 [warning] [Decorations] CAPPING events from decorations provider vscode.git 409
2023-09-13 15:31:04.368 [warning] [Decorations] CAPPING events from decorations provider vscode.git 409
2023-09-13 15:31:09.414 [warning] [Decorations] CAPPING events from decorations provider vscode.git 409
2023-09-13 15:31:14.490 [warning] [Decorations] CAPPING events from decorations provider vscode.git 409
2023-09-13 15:31:19.602 [warning] [Decorations] CAPPING events from decorations provider vscode.git 409
2023-09-13 15:31:24.656 [warning] [Decorations] CAPPING events from decorations provider vscode.git 409
2023-09-13 15:31:29.698 [warning] [Decorations] CAPPING events from decorations provider vscode.git 409
2023-09-13 15:31:34.748 [warning] [Decorations] CAPPING events from decorations provider vscode.git 409
2023-09-13 15:31:39.896 [warning] [Decorations] CAPPING events from decorations provider vscode.git 410
2023-09-13 15:31:49.874 [warning] [Decorations] CAPPING events from decorations provider vscode.git 409
2023-09-13 15:31:55.012 [warning] [Decorations] CAPPING events from decorations provider vscode.git 409
2023-09-13 15:32:00.073 [warning] [Decorations] CAPPING events from decorations provider vscode.git 409
2023-09-13 15:32:05.126 [warning] [Decorations] CAPPING events from decorations provider vscode.git 409
2023-09-13 15:32:10.174 [warning] [Decorations] CAPPING events from decorations provider vscode.git 409
2023-09-13 15:32:15.228 [warning] [Decorations] CAPPING events from decorations provider vscode.git 409
2023-09-13 15:32:20.272 [warning] [Decorations] CAPPING events from decorations provider vscode.git 409
2023-09-13 15:32:25.318 [warning] [Decorations] CAPPING events from decorations provider vscode.git 409
2023-09-13 15:32:30.364 [warning] [Decorations] CAPPING events from decorations provider vscode.git 409
2023-09-13 15:32:35.487 [warning] [Decorations] CAPPING events from decorations provider vscode.git 409
2023-09-13 15:32:40.541 [warning] [Decorations] CAPPING events from decorations provider vscode.git 409
2023-09-13 15:32:45.613 [warning] [Decorations] CAPPING events from decorations provider vscode.git 409
2023-09-13 15:32:50.666 [warning] [Decorations] CAPPING events from decorations provider vscode.git 409
2023-09-13 15:32:55.708 [warning] [Decorations] CAPPING events from decorations provider vscode.git 409
2023-09-13 15:33:00.759 [warning] [Decorations] CAPPING events from decorations provider vscode.git 409
2023-09-13 15:33:05.825 [warning] [Decorations] CAPPING events from decorations provider vscode.git 409
2023-09-13 15:33:10.872 [warning] [Decorations] CAPPING events from decorations provider vscode.git 409
2023-09-13 15:33:15.918 [warning] [Decorations] CAPPING events from decorations provider vscode.git 409
2023-09-13 15:33:20.982 [warning] [Decorations] CAPPING events from decorations provider vscode.git 409
2023-09-13 15:33:26.036 [warning] [Decorations] CAPPING events from decorations provider vscode.git 409
2023-09-13 15:33:31.080 [warning] [Decorations] CAPPING events from decorations provider vscode.git 409
2023-09-13 15:33:36.126 [warning] [Decorations] CAPPING events from decorations provider vscode.git 409
2023-09-13 15:33:41.181 [warning] [Decorations] CAPPING events from decorations provider vscode.git 409
