2023-09-13 14:49:53.334 [info] Added views:workbench.panel.markers.view in workbench.panel.markers
2023-09-13 14:49:53.334 [info] Added views:workbench.panel.output in workbench.panel.output
2023-09-13 14:49:53.334 [info] Added views:terminal in terminal
2023-09-13 14:49:53.334 [info] Added views:outline in workbench.view.explorer
2023-09-13 14:49:53.334 [info] Added views:workbench.scm in workbench.view.scm
2023-09-13 14:49:53.334 [info] Added views:workbench.view.search in workbench.view.search
2023-09-13 14:49:53.334 [info] Added views:timeline in workbench.view.explorer
2023-09-13 14:49:53.334 [info] Added views:workbench.explorer.emptyView in workbench.view.explorer
2023-09-13 14:49:54.595 [info] Added views:workbench.debug.variablesView,workbench.debug.watchExpressionsView,workbench.debug.callStackView,workbench.debug.breakPointsView in workbench.view.debug
2023-09-13 14:49:57.431 [info] Added views:vscode-edge-devtools-view.targets,vscode-edge-devtools-view.help-links in workbench.view.extension.vscode-edge-devtools-view
2023-09-13 14:49:57.556 [info] Added views:~remote.forwardedPorts in ~remote.forwardedPortsContainer
2023-09-13 14:49:58.717 [info] Added views:workbench.panel.repl.view in workbench.panel.repl
2023-09-13 14:49:58.717 [info] Removed views:workbench.debug.breakPointsView,workbench.debug.callStackView,workbench.debug.watchExpressionsView,workbench.debug.variablesView from workbench.view.debug
2023-09-13 14:49:58.717 [info] Added views:workbench.debug.welcome in workbench.view.debug
2023-09-13 14:50:34.930 [info] Added views:workbench.panel.markers.view in workbench.panel.markers
2023-09-13 14:50:34.931 [info] Added views:workbench.panel.output in workbench.panel.output
2023-09-13 14:50:34.931 [info] Added views:terminal in terminal
2023-09-13 14:50:34.931 [info] Added views:outline in workbench.view.explorer
2023-09-13 14:50:34.931 [info] Added views:workbench.scm in workbench.view.scm
2023-09-13 14:50:34.931 [info] Added views:workbench.view.search in workbench.view.search
2023-09-13 14:50:34.931 [info] Added views:timeline in workbench.view.explorer
2023-09-13 14:50:34.931 [info] Added views:workbench.explorer.fileView in workbench.view.explorer
2023-09-13 14:50:35.884 [info] Added views:vscode-edge-devtools-view.targets,vscode-edge-devtools-view.help-links in workbench.view.extension.vscode-edge-devtools-view
2023-09-13 14:50:36.476 [info] Added views:workbench.debug.variablesView,workbench.debug.watchExpressionsView,workbench.debug.callStackView,workbench.debug.breakPointsView in workbench.view.debug
2023-09-13 14:50:37.073 [info] Added views:workbench.panel.repl.view in workbench.panel.repl
2023-09-13 14:50:37.082 [info] Removed views:workbench.debug.breakPointsView,workbench.debug.callStackView,workbench.debug.watchExpressionsView,workbench.debug.variablesView from workbench.view.debug
2023-09-13 14:50:37.082 [info] Added views:workbench.debug.welcome in workbench.view.debug
2023-09-13 14:50:37.604 [info] Added views:~remote.forwardedPorts in ~remote.forwardedPortsContainer
2023-09-13 15:46:43.141 [info] Added views:references-view.tree in workbench.view.extension.references-view
