2023-09-13 14:50:01.685 [info] Reading sessions from keychain...
2023-09-13 14:50:01.685 [info] Getting sessions for all scopes...
2023-09-13 14:50:01.685 [info] Getting sessions for user:email...
2023-09-13 14:50:01.685 [info] Got 0 sessions for ...
2023-09-13 14:50:01.685 [info] Got 0 sessions for user:email...
2023-09-13 14:50:05.046 [info] Getting sessions for all scopes...
2023-09-13 14:50:05.046 [info] Got 0 sessions for ...
2023-09-13 14:50:06.313 [info] Getting sessions for all scopes...
2023-09-13 14:50:06.313 [info] Got 0 sessions for ...
2023-09-13 14:50:38.932 [info] Reading sessions from keychain...
2023-09-13 14:50:38.932 [info] Getting sessions for all scopes...
2023-09-13 14:50:38.932 [info] Getting sessions for user:email...
2023-09-13 14:50:39.086 [info] Got 0 sessions for ...
2023-09-13 14:50:39.086 [info] Got 0 sessions for user:email...
2023-09-13 14:50:39.744 [info] Getting sessions for all scopes...
2023-09-13 14:50:39.746 [info] Got 0 sessions for ...
2023-09-13 14:50:40.870 [info] Getting sessions for all scopes...
2023-09-13 14:50:40.870 [info] Got 0 sessions for ...
2023-09-13 14:50:46.745 [info] Getting sessions for read:user,repo,user:email,workflow...
2023-09-13 14:50:46.746 [info] Got 0 sessions for read:user,repo,user:email,workflow...
